<?xml version="1.0" encoding="UTF-8"?>
<!-- Generated by org.testng.reporters.JUnitXMLReporter -->
<testsuite ignored="2" hostname="Alok" failures="0" tests="1" name="Default test(failed)(failed)" time="321.622" errors="0" timestamp="2023-06-25T23:29:08 IST">
  <testcase classname="Test.Main" name="verifyTimeSheetByStatus" time="300.014"/>
  <testcase classname="Test.Main" name="test2" time="0.0">
    <ignored/>
  </testcase> <!-- test2 -->
  <testcase classname="Test.Main" name="test1" time="0.0">
    <ignored/>
  </testcase> <!-- test1 -->
</testsuite> <!-- Default test(failed)(failed) -->
