<?xml version="1.0" encoding="UTF-8"?>
<testng-results ignored="0" total="3" passed="3" failed="0" skipped="0">
  <reporter-output>
  </reporter-output>
  <suite started-at="2023-06-26T02:55:23 IST" name="Default suite" finished-at="2023-06-26T03:02:20 IST" duration-ms="417291">
    <groups>
    </groups>
    <test started-at="2023-06-26T02:55:23 IST" name="Default test" finished-at="2023-06-26T03:02:20 IST" duration-ms="417291">
      <class name="Test.Main">
        <test-method is-config="true" signature="beforeC()[pri:0, instance:Test.Main@24111ef1]" started-at="2023-06-26T02:55:23 IST" name="beforeC" finished-at="2023-06-26T02:55:23 IST" duration-ms="13" status="PASS">
          <reporter-output>
          </reporter-output>
        </test-method> <!-- beforeC -->
        <test-method is-config="true" signature="setDriver(java.lang.String)[pri:0, instance:Test.Main@24111ef1]" started-at="2023-06-26T02:55:23 IST" name="setDriver" finished-at="2023-06-26T02:55:42 IST" duration-ms="18914" status="PASS">
          <params>
            <param index="0">
              <value>
                <![CDATA[chrome]]>
              </value>
            </param>
          </params>
          <reporter-output>
          </reporter-output>
        </test-method> <!-- setDriver -->
        <test-method signature="test1()[pri:1, instance:Test.Main@24111ef1]" started-at="2023-06-26T02:55:42 IST" name="test1" finished-at="2023-06-26T02:56:13 IST" duration-ms="31597" status="PASS">
          <reporter-output>
          </reporter-output>
        </test-method> <!-- test1 -->
        <test-method is-config="true" signature="closeDriver()[pri:0, instance:Test.Main@24111ef1]" started-at="2023-06-26T02:56:13 IST" name="closeDriver" finished-at="2023-06-26T02:56:13 IST" duration-ms="1" status="PASS">
          <reporter-output>
          </reporter-output>
        </test-method> <!-- closeDriver -->
        <test-method is-config="true" signature="setDriver(java.lang.String)[pri:0, instance:Test.Main@24111ef1]" started-at="2023-06-26T02:56:13 IST" name="setDriver" finished-at="2023-06-26T02:56:31 IST" duration-ms="17633" status="PASS">
          <params>
            <param index="0">
              <value>
                <![CDATA[chrome]]>
              </value>
            </param>
          </params>
          <reporter-output>
          </reporter-output>
        </test-method> <!-- setDriver -->
        <test-method signature="test2()[pri:2, instance:Test.Main@24111ef1]" started-at="2023-06-26T02:56:31 IST" name="test2" finished-at="2023-06-26T02:57:13 IST" duration-ms="41376" status="PASS">
          <reporter-output>
          </reporter-output>
        </test-method> <!-- test2 -->
        <test-method is-config="true" signature="closeDriver()[pri:0, instance:Test.Main@24111ef1]" started-at="2023-06-26T02:57:13 IST" name="closeDriver" finished-at="2023-06-26T02:57:13 IST" duration-ms="0" status="PASS">
          <reporter-output>
          </reporter-output>
        </test-method> <!-- closeDriver -->
        <test-method is-config="true" signature="setDriver(java.lang.String)[pri:0, instance:Test.Main@24111ef1]" started-at="2023-06-26T02:57:13 IST" name="setDriver" finished-at="2023-06-26T02:57:30 IST" duration-ms="17325" status="PASS">
          <params>
            <param index="0">
              <value>
                <![CDATA[chrome]]>
              </value>
            </param>
          </params>
          <reporter-output>
          </reporter-output>
        </test-method> <!-- setDriver -->
        <test-method signature="verifyTimeSheetByStatus()[pri:3, instance:Test.Main@24111ef1]" started-at="2023-06-26T02:57:30 IST" name="verifyTimeSheetByStatus" finished-at="2023-06-26T03:02:19 IST" duration-ms="289325" status="PASS">
          <reporter-output>
          </reporter-output>
        </test-method> <!-- verifyTimeSheetByStatus -->
        <test-method is-config="true" signature="closeDriver()[pri:0, instance:Test.Main@24111ef1]" started-at="2023-06-26T03:02:19 IST" name="closeDriver" finished-at="2023-06-26T03:02:19 IST" duration-ms="0" status="PASS">
          <reporter-output>
          </reporter-output>
        </test-method> <!-- closeDriver -->
        <test-method is-config="true" signature="afterC()[pri:0, instance:Test.Main@24111ef1]" started-at="2023-06-26T03:02:19 IST" name="afterC" finished-at="2023-06-26T03:02:20 IST" duration-ms="1064" status="PASS">
          <reporter-output>
          </reporter-output>
        </test-method> <!-- afterC -->
      </class> <!-- Test.Main -->
    </test> <!-- Default test -->
  </suite> <!-- Default suite -->
</testng-results>
